<?xml version="1.0" encoding="UTF-8"?>
<testng-results ignored="0" total="3" passed="3" failed="0" skipped="0">
  <reporter-output>
  </reporter-output>
  <suite started-at="2023-03-05T10:30:59 IST" name="LoginSuite" finished-at="2023-03-05T10:31:19 IST" duration-ms="19905">
    <groups>
    </groups>
    <test started-at="2023-03-05T10:30:59 IST" name="LoginTest" finished-at="2023-03-05T10:31:19 IST" duration-ms="19905">
      <class name="testcases.LoginPageTest">
        <test-method is-config="true" signature="setup()[pri:0, instance:testcases.LoginPageTest@66c92293]" started-at="2023-03-05T10:30:59 IST" name="setup" finished-at="2023-03-05T10:31:13 IST" duration-ms="14469" status="PASS">
          <reporter-output>
          </reporter-output>
        </test-method> <!-- setup -->
        <test-method signature="navToLoginTest()[pri:1, instance:testcases.LoginPageTest@66c92293]" started-at="2023-03-05T10:31:13 IST" name="navToLoginTest" finished-at="2023-03-05T10:31:15 IST" duration-ms="1527" status="PASS">
          <reporter-output>
          </reporter-output>
        </test-method> <!-- navToLoginTest -->
        <test-method signature="loginTest(java.lang.String,java.lang.String)[pri:2, instance:testcases.LoginPageTest@66c92293]" started-at="2023-03-05T10:31:16 IST" name="loginTest" data-provider="excelData" finished-at="2023-03-05T10:31:18 IST" duration-ms="2432" status="PASS">
          <params>
            <param index="0">
              <value>
                <![CDATA[vishal@sbt.com]]>
              </value>
            </param>
            <param index="1">
              <value>
                <![CDATA[Vishal@26]]>
              </value>
            </param>
          </params>
          <reporter-output>
          </reporter-output>
        </test-method> <!-- loginTest -->
        <test-method signature="verifyLoginTest()[pri:3, instance:testcases.LoginPageTest@66c92293]" started-at="2023-03-05T10:31:18 IST" name="verifyLoginTest" finished-at="2023-03-05T10:31:18 IST" duration-ms="126" status="PASS">
          <reporter-output>
          </reporter-output>
        </test-method> <!-- verifyLoginTest -->
        <test-method is-config="true" signature="tearDown()[pri:0, instance:testcases.LoginPageTest@66c92293]" started-at="2023-03-05T10:31:18 IST" name="tearDown" finished-at="2023-03-05T10:31:19 IST" duration-ms="335" status="PASS">
          <reporter-output>
          </reporter-output>
        </test-method> <!-- tearDown -->
      </class> <!-- testcases.LoginPageTest -->
    </test> <!-- LoginTest -->
  </suite> <!-- LoginSuite -->
</testng-results>
