<?xml version="1.0" encoding="UTF-8"?>
<!-- Generated by org.testng.reporters.JUnitXMLReporter -->
<testsuite ignored="0" hostname="krupal25" failures="0" tests="3" name="LoginTest" time="19.905" errors="0" timestamp="2023-03-05T10:31:19 IST">
  <testcase classname="testcases.LoginPageTest" name="navToLoginTest" time="1.527"/>
  <testcase classname="testcases.LoginPageTest" name="loginTest" time="2.432"/>
  <testcase classname="testcases.LoginPageTest" name="verifyLoginTest" time="0.126"/>
</testsuite> <!-- LoginTest -->
